<!DOCTYPE html PUBLIC "-//W3C//DTD XHTML 1.1//EN" "http://www.w3.org/TR/xhtml11/DTD/xhtml11.dtd">
<html xmlns="http://www.w3.org/1999/xhtml">
<head>
<meta http-equiv="content-type" content="text/html; charset=UTF-8"/>
<title>TestNG Report</title>
<style type="text/css">table {margin-bottom:10px;border-collapse:collapse;empty-cells:show}th,td {border:1px solid #009;padding:.25em .5em}th {vertical-align:bottom}td {vertical-align:top}table a {font-weight:bold}.stripe td {background-color: #E6EBF9}.num {text-align:right}.passedodd td {background-color: #3F3}.passedeven td {background-color: #0A0}.skippedodd td {background-color: #DDD}.skippedeven td {background-color: #CCC}.failedodd td,.attn {background-color: #F33}.failedeven td,.stripe .attn {background-color: #D00}.stacktrace {white-space:pre;font-family:monospace}.totop {font-size:85%;text-align:center;border-bottom:2px solid #000}.invisible {display:none}</style>
</head>
<body>
<table>
<tr><th>Test</th><th># Passed</th><th># Skipped</th><th># Failed</th><th>Time (ms)</th><th>Included Groups</th><th>Excluded Groups</th></tr>
<tr><th colspan="7">AutomationEdgeSuite</th></tr>
<tr><td><a href="#t0">Test</a></td><td class="num">2</td><td class="num attn">1</td><td class="num attn">2</td><td class="num">331,939</td><td></td><td></td></tr>
</table>
<table id='summary'><thead><tr><th>Class</th><th>Method</th><th>Start</th><th>Time (ms)</th></tr></thead><tbody><tr><th colspan="4">AutomationEdgeSuite</th></tr></tbody><tbody id="t0"><tr><th colspan="4">Test &#8212; failed (configuration methods)</th></tr><tr class="failedeven"><td rowspan="1">com.ae.qa.testcases.TenantUsersPageTest</td><td><a href="#m0">getResult</a></td><td rowspan="1">1588160301256</td><td rowspan="1">2467</td></tr><tr class="failedodd"><td rowspan="1">com.ae.qa.testcases.TenantsPageTest</td><td><a href="#m1">getResult</a></td><td rowspan="1">1588160113587</td><td rowspan="1">2329</td></tr><tr><th colspan="4">Test &#8212; failed</th></tr><tr class="failedeven"><td rowspan="1">com.ae.qa.testcases.TenantUsersPageTest</td><td><a href="#m2">creatingTenantAdminTest</a></td><td rowspan="1">1588160190979</td><td rowspan="1">109955</td></tr><tr class="failedodd"><td rowspan="1">com.ae.qa.testcases.TenantsPageTest</td><td><a href="#m3">validateAddNewTenant</a></td><td rowspan="1">1588160083315</td><td rowspan="1">30225</td></tr><tr><th colspan="4">Test &#8212; skipped (configuration methods)</th></tr><tr class="skippedeven"><td rowspan="2">com.ae.qa.testcases.TenantsPageTest</td><td><a href="#m4">getResult</a></td><td rowspan="1">1588160115950</td><td rowspan="1">0</td></tr><tr class="skippedeven"><td><a href="#m5">initialization</a></td><td rowspan="1">1588160115950</td><td rowspan="1">0</td></tr><tr><th colspan="4">Test &#8212; skipped</th></tr><tr class="skippedeven"><td rowspan="1">com.ae.qa.testcases.TenantsPageTest</td><td><a href="#m6">validateaddNewTenantsWithDuplicateOrgCode</a></td><td rowspan="1">1588160115950</td><td rowspan="1">0</td></tr><tr><th colspan="4">Test &#8212; passed</th></tr><tr class="passedeven"><td rowspan="1">com.ae.qa.testcases.SystemSettingsPageTest</td><td><a href="#m7">validateSystemSettingsTest</a></td><td rowspan="1">1588160152445</td><td rowspan="1">22929</td></tr><tr class="passedodd"><td rowspan="1">com.ae.qa.testcases.SystemUsersPageTest</td><td><a href="#m8">creatingSystemAdminTest</a></td><td rowspan="1">1588160342533</td><td rowspan="1">37233</td></tr></tbody>
</table>
<h2>Test</h2><h3 id="m0">com.ae.qa.testcases.TenantUsersPageTest#getResult</h3><table class="result"><tr class="param"><th>Parameter #1</th></tr><tr class="param stripe"><td>[TestResult name=creatingTenantAdminTest status=FAILURE method=TenantUsersPageTest.creatingTenantAdminTest()[pri:1, instance:com.ae.qa.testcases.TenantUsersPageTest@4efc180e] output={null}]</td></tr><tr><th>Exception</th></tr><tr><td><div class="stacktrace">java.lang.AssertionError: Test Case Failed Snapshot is below com.aventstack.extentreports.ExtentTest@1704f67f
	at com.ae.qa.base.TestBase1.getResult(TestBase1.java:147)
... Removed 32 stack frames</div></td></tr></table><p class="totop"><a href="#summary">back to summary</a></p>
<h3 id="m1">com.ae.qa.testcases.TenantsPageTest#getResult</h3><table class="result"><tr class="param"><th>Parameter #1</th></tr><tr class="param stripe"><td>[TestResult name=validateAddNewTenant status=FAILURE method=TenantsPageTest.validateAddNewTenant()[pri:0, instance:com.ae.qa.testcases.TenantsPageTest@505fc5a4] output={null}]</td></tr><tr><th>Exception</th></tr><tr><td><div class="stacktrace">java.lang.AssertionError: Test Case Failed Snapshot is below com.aventstack.extentreports.ExtentTest@1cf2fed4
	at com.ae.qa.base.TestBase1.getResult(TestBase1.java:147)
... Removed 32 stack frames</div></td></tr></table><p class="totop"><a href="#summary">back to summary</a></p>
<h3 id="m2">com.ae.qa.testcases.TenantUsersPageTest#creatingTenantAdminTest</h3><table class="result"><tr><th>Exception</th></tr><tr><td><div class="stacktrace">org.openqa.selenium.NoSuchElementException: no such element: Unable to locate element: {&quot;method&quot;:&quot;xpath&quot;,&quot;selector&quot;:&quot;//select[@id=&apos;role&apos;]/option[text()=&apos;User Admin&apos;]&quot;}
  (Session info: chrome=81.0.4044.129)
For documentation on this error, please visit: https://www.seleniumhq.org/exceptions/no_such_element.html
Build info: version: &apos;3.141.59&apos;, revision: &apos;e82be7d358&apos;, time: &apos;2018-11-14T08:17:03&apos;
System info: host: &apos;DESKTOP-96U8LI5&apos;, ip: &apos;192.168.56.1&apos;, os.name: &apos;Windows 10&apos;, os.arch: &apos;amd64&apos;, os.version: &apos;10.0&apos;, java.version: &apos;1.8.0_231&apos;
Driver info: org.openqa.selenium.chrome.ChromeDriver
Capabilities {acceptInsecureCerts: false, browserName: chrome, browserVersion: 81.0.4044.129, chrome: {chromedriverVersion: 81.0.4044.69 (6813546031a4b..., userDataDir: C:\Users\Kalyani\AppData\Lo...}, goog:chromeOptions: {debuggerAddress: localhost:60140}, javascriptEnabled: true, networkConnectionEnabled: false, pageLoadStrategy: normal, platform: WINDOWS, platformName: WINDOWS, proxy: Proxy(), setWindowRect: true, strictFileInteractability: false, timeouts: {implicit: 0, pageLoad: 300000, script: 30000}, unhandledPromptBehavior: dismiss and notify, webauthn:virtualAuthenticators: true}
Session ID: 1397cfc180281ba7ff28b548e48ebbe0
*** Element info: {Using=xpath, value=//select[@id=&apos;role&apos;]/option[text()=&apos;User Admin&apos;]}
	at org.openqa.selenium.remote.http.W3CHttpResponseCodec.createException(W3CHttpResponseCodec.java:187)
	at org.openqa.selenium.remote.http.W3CHttpResponseCodec.decode(W3CHttpResponseCodec.java:122)
	at org.openqa.selenium.remote.http.W3CHttpResponseCodec.decode(W3CHttpResponseCodec.java:49)
	at org.openqa.selenium.remote.HttpCommandExecutor.execute(HttpCommandExecutor.java:158)
	at org.openqa.selenium.remote.service.DriverCommandExecutor.execute(DriverCommandExecutor.java:83)
	at org.openqa.selenium.remote.RemoteWebDriver.execute(RemoteWebDriver.java:552)
	at org.openqa.selenium.remote.RemoteWebDriver.findElement(RemoteWebDriver.java:323)
	at org.openqa.selenium.remote.RemoteWebDriver.findElementByXPath(RemoteWebDriver.java:428)
	at org.openqa.selenium.By$ByXPath.findElement(By.java:353)
	at org.openqa.selenium.remote.RemoteWebDriver.findElement(RemoteWebDriver.java:315)
	at com.ae.qa.pages.TenantUsersPage.creatingTenantAdmin(TenantUsersPage.java:110)
	at com.ae.qa.testcases.TenantUsersPageTest.creatingTenantAdminTest(TenantUsersPageTest.java:22)
... Removed 32 stack frames</div></td></tr></table><p class="totop"><a href="#summary">back to summary</a></p>
<h3 id="m3">com.ae.qa.testcases.TenantsPageTest#validateAddNewTenant</h3><table class="result"><tr><th>Exception</th></tr><tr><td><div class="stacktrace">java.lang.AssertionError: Tenant not created successfully expected [Tenant created successfully] but found [Duplicate orgcode [AE444].]
	at com.ae.qa.pages.TenantsPage.addNewTenants(TenantsPage.java:104)
	at com.ae.qa.testcases.TenantsPageTest.validateAddNewTenant(TenantsPageTest.java:41)
... Removed 33 stack frames</div></td></tr></table><p class="totop"><a href="#summary">back to summary</a></p>
<h3 id="m4">com.ae.qa.testcases.TenantsPageTest#getResult</h3><table class="result"><tr><th class="invisible"/></tr></table><p class="totop"><a href="#summary">back to summary</a></p>
<h3 id="m5">com.ae.qa.testcases.TenantsPageTest#initialization</h3><table class="result"><tr><th class="invisible"/></tr></table><p class="totop"><a href="#summary">back to summary</a></p>
<h3 id="m6">com.ae.qa.testcases.TenantsPageTest#validateaddNewTenantsWithDuplicateOrgCode</h3><table class="result"><tr><th>Exception</th></tr><tr><td><div class="stacktrace">java.lang.AssertionError: Test Case Failed Snapshot is below com.aventstack.extentreports.ExtentTest@1cf2fed4
	at com.ae.qa.base.TestBase1.getResult(TestBase1.java:147)
... Removed 32 stack frames</div></td></tr></table><p class="totop"><a href="#summary">back to summary</a></p>
<h3 id="m7">com.ae.qa.testcases.SystemSettingsPageTest#validateSystemSettingsTest</h3><table class="result"><tr><th class="invisible"/></tr></table><p class="totop"><a href="#summary">back to summary</a></p>
<h3 id="m8">com.ae.qa.testcases.SystemUsersPageTest#creatingSystemAdminTest</h3><table class="result"><tr><th class="invisible"/></tr></table><p class="totop"><a href="#summary">back to summary</a></p>
</body>
</html>
