<!DOCTYPE html>

<html>
  <head>
  <meta charset='utf-8'>
  <title>TestNG reports</title>

    <link type="text/css" href="testng-reports.css" rel="stylesheet" />
    <script type="text/javascript" src="jquery-1.7.1.min.js"></script>
    <script type="text/javascript" src="testng-reports.js"></script>
    <script type="text/javascript" src="https://www.google.com/jsapi"></script>
    <script type='text/javascript'>
      google.load('visualization', '1', {packages:['table']});
      google.setOnLoadCallback(drawTable);
      var suiteTableInitFunctions = new Array();
      var suiteTableData = new Array();
    </script>
    <!--
      <script type="text/javascript" src="jquery-ui/js/jquery-ui-1.8.16.custom.min.js"></script>
     -->
  </head>

  <body>
    <div class="top-banner-root">
      <span class="top-banner-title-font">Test results</span>
      <br/>
      <span class="top-banner-font-1">1 suite, 2 failed tests</span>
    </div> <!-- top-banner-root -->
    <div class="navigator-root">
      <div class="navigator-suite-header">
        <span>All suites</span>
        <a href="#" class="collapse-all-link" title="Collapse/expand all the suites">
          <img class="collapse-all-icon" src="collapseall.gif">
          </img> <!-- collapse-all-icon -->
        </a> <!-- collapse-all-link -->
      </div> <!-- navigator-suite-header -->
      <div class="suite">
        <div class="rounded-window">
          <div class="suite-header light-rounded-window-top">
            <a href="#" class="navigator-link" panel-name="suite-AutomationEdgeSuite">
              <span class="suite-name border-failed">AutomationEdgeSuite</span>
            </a> <!-- navigator-link -->
          </div> <!-- suite-header light-rounded-window-top -->
          <div class="navigator-suite-content">
            <div class="suite-section-title">
              <span>Info</span>
            </div> <!-- suite-section-title -->
            <div class="suite-section-content">
              <ul>
                <li>
                  <a href="#" class="navigator-link " panel-name="test-xml-AutomationEdgeSuite">
                    <span>C:\Users\Kalyani\eclipse-workspace\AutomationEdgePortal\testng.xml</span>
                  </a> <!-- navigator-link  -->
                </li>
                <li>
                  <a href="#" class="navigator-link " panel-name="testlist-AutomationEdgeSuite">
                    <span class="test-stats">1 test</span>
                  </a> <!-- navigator-link  -->
                </li>
                <li>
                  <a href="#" class="navigator-link " panel-name="group-AutomationEdgeSuite">
                    <span>1 group</span>
                  </a> <!-- navigator-link  -->
                </li>
                <li>
                  <a href="#" class="navigator-link " panel-name="times-AutomationEdgeSuite">
                    <span>Times</span>
                  </a> <!-- navigator-link  -->
                </li>
                <li>
                  <a href="#" class="navigator-link " panel-name="reporter-AutomationEdgeSuite">
                    <span>Reporter output</span>
                  </a> <!-- navigator-link  -->
                </li>
                <li>
                  <a href="#" class="navigator-link " panel-name="ignored-methods-AutomationEdgeSuite">
                    <span>Ignored methods</span>
                  </a> <!-- navigator-link  -->
                </li>
                <li>
                  <a href="#" class="navigator-link " panel-name="chronological-AutomationEdgeSuite">
                    <span>Chronological view</span>
                  </a> <!-- navigator-link  -->
                </li>
              </ul>
            </div> <!-- suite-section-content -->
            <div class="result-section">
              <div class="suite-section-title">
                <span>Results</span>
              </div> <!-- suite-section-title -->
              <div class="suite-section-content">
                <ul>
                  <li>
                    <span class="method-stats">5 methods, 2 failed,  1 skipped,  2 passed</span>
                  </li>
                  <li>
                    <span class="method-list-title failed">Failed methods</span>
                    <span class="show-or-hide-methods failed">
                      <a href="#" panel-name="suite-AutomationEdgeSuite" class="hide-methods failed suite-AutomationEdgeSuite"> (hide)</a> <!-- hide-methods failed suite-AutomationEdgeSuite -->
                      <a href="#" panel-name="suite-AutomationEdgeSuite" class="show-methods failed suite-AutomationEdgeSuite"> (show)</a> <!-- show-methods failed suite-AutomationEdgeSuite -->
                    </span>
                    <div class="method-list-content failed suite-AutomationEdgeSuite">
                      <span>
                        <img width="3%" src="failed.png"/>
                        <a href="#" class="method navigator-link" panel-name="suite-AutomationEdgeSuite" title="com.ae.qa.testcases.TenantUsersPageTest" hash-for-method="creatingTenantAdminTest">creatingTenantAdminTest</a> <!-- method navigator-link -->
                      </span>
                      <br/>
                      <span>
                        <img width="3%" src="failed.png"/>
                        <a href="#" class="method navigator-link" panel-name="suite-AutomationEdgeSuite" title="com.ae.qa.testcases.TenantsPageTest" hash-for-method="validateAddNewTenant">validateAddNewTenant</a> <!-- method navigator-link -->
                      </span>
                      <br/>
                    </div> <!-- method-list-content failed suite-AutomationEdgeSuite -->
                  </li>
                  <li>
                    <span class="method-list-title skipped">Skipped methods</span>
                    <span class="show-or-hide-methods skipped">
                      <a href="#" panel-name="suite-AutomationEdgeSuite" class="hide-methods skipped suite-AutomationEdgeSuite"> (hide)</a> <!-- hide-methods skipped suite-AutomationEdgeSuite -->
                      <a href="#" panel-name="suite-AutomationEdgeSuite" class="show-methods skipped suite-AutomationEdgeSuite"> (show)</a> <!-- show-methods skipped suite-AutomationEdgeSuite -->
                    </span>
                    <div class="method-list-content skipped suite-AutomationEdgeSuite">
                      <span>
                        <img width="3%" src="skipped.png"/>
                        <a href="#" class="method navigator-link" panel-name="suite-AutomationEdgeSuite" title="com.ae.qa.testcases.TenantsPageTest" hash-for-method="validateaddNewTenantsWithDuplicateOrgCode">validateaddNewTenantsWithDuplicateOrgCode</a> <!-- method navigator-link -->
                      </span>
                      <br/>
                    </div> <!-- method-list-content skipped suite-AutomationEdgeSuite -->
                  </li>
                  <li>
                    <span class="method-list-title passed">Passed methods</span>
                    <span class="show-or-hide-methods passed">
                      <a href="#" panel-name="suite-AutomationEdgeSuite" class="hide-methods passed suite-AutomationEdgeSuite"> (hide)</a> <!-- hide-methods passed suite-AutomationEdgeSuite -->
                      <a href="#" panel-name="suite-AutomationEdgeSuite" class="show-methods passed suite-AutomationEdgeSuite"> (show)</a> <!-- show-methods passed suite-AutomationEdgeSuite -->
                    </span>
                    <div class="method-list-content passed suite-AutomationEdgeSuite">
                      <span>
                        <img width="3%" src="passed.png"/>
                        <a href="#" class="method navigator-link" panel-name="suite-AutomationEdgeSuite" title="com.ae.qa.testcases.SystemUsersPageTest" hash-for-method="creatingSystemAdminTest">creatingSystemAdminTest</a> <!-- method navigator-link -->
                      </span>
                      <br/>
                      <span>
                        <img width="3%" src="passed.png"/>
                        <a href="#" class="method navigator-link" panel-name="suite-AutomationEdgeSuite" title="com.ae.qa.testcases.SystemSettingsPageTest" hash-for-method="validateSystemSettingsTest">validateSystemSettingsTest</a> <!-- method navigator-link -->
                      </span>
                      <br/>
                    </div> <!-- method-list-content passed suite-AutomationEdgeSuite -->
                  </li>
                </ul>
              </div> <!-- suite-section-content -->
            </div> <!-- result-section -->
          </div> <!-- navigator-suite-content -->
        </div> <!-- rounded-window -->
      </div> <!-- suite -->
    </div> <!-- navigator-root -->
    <div class="wrapper">
      <div class="main-panel-root">
        <div panel-name="suite-AutomationEdgeSuite" class="panel AutomationEdgeSuite">
          <div class="suite-AutomationEdgeSuite-class-failed">
            <div class="main-panel-header rounded-window-top">
              <img src="failed.png"/>
              <span class="class-name">com.ae.qa.testcases.TenantUsersPageTest</span>
            </div> <!-- main-panel-header rounded-window-top -->
            <div class="main-panel-content rounded-window-bottom">
              <div class="method">
                <div class="method-content">
                  <a name="creatingTenantAdminTest">
                  </a> <!-- creatingTenantAdminTest -->
                  <span class="method-name">creatingTenantAdminTest</span>
                  <div class="stack-trace">org.openqa.selenium.NoSuchElementException: no such element: Unable to locate element: {&quot;method&quot;:&quot;xpath&quot;,&quot;selector&quot;:&quot;//select[@id=&apos;role&apos;]/option[text()=&apos;User Admin&apos;]&quot;}
  (Session info: chrome=81.0.4044.129)
For documentation on this error, please visit: https://www.seleniumhq.org/exceptions/no_such_element.html
Build info: version: &apos;3.141.59&apos;, revision: &apos;e82be7d358&apos;, time: &apos;2018-11-14T08:17:03&apos;
System info: host: &apos;DESKTOP-96U8LI5&apos;, ip: &apos;192.168.56.1&apos;, os.name: &apos;Windows 10&apos;, os.arch: &apos;amd64&apos;, os.version: &apos;10.0&apos;, java.version: &apos;1.8.0_231&apos;
Driver info: org.openqa.selenium.chrome.ChromeDriver
Capabilities {acceptInsecureCerts: false, browserName: chrome, browserVersion: 81.0.4044.129, chrome: {chromedriverVersion: 81.0.4044.69 (6813546031a4b..., userDataDir: C:\Users\Kalyani\AppData\Lo...}, goog:chromeOptions: {debuggerAddress: localhost:60140}, javascriptEnabled: true, networkConnectionEnabled: false, pageLoadStrategy: normal, platform: WINDOWS, platformName: WINDOWS, proxy: Proxy(), setWindowRect: true, strictFileInteractability: false, timeouts: {implicit: 0, pageLoad: 300000, script: 30000}, unhandledPromptBehavior: dismiss and notify, webauthn:virtualAuthenticators: true}
Session ID: 1397cfc180281ba7ff28b548e48ebbe0
*** Element info: {Using=xpath, value=//select[@id=&apos;role&apos;]/option[text()=&apos;User Admin&apos;]}
	at org.openqa.selenium.remote.http.W3CHttpResponseCodec.createException(W3CHttpResponseCodec.java:187)
	at org.openqa.selenium.remote.http.W3CHttpResponseCodec.decode(W3CHttpResponseCodec.java:122)
	at org.openqa.selenium.remote.http.W3CHttpResponseCodec.decode(W3CHttpResponseCodec.java:49)
	at org.openqa.selenium.remote.HttpCommandExecutor.execute(HttpCommandExecutor.java:158)
	at org.openqa.selenium.remote.service.DriverCommandExecutor.execute(DriverCommandExecutor.java:83)
	at org.openqa.selenium.remote.RemoteWebDriver.execute(RemoteWebDriver.java:552)
	at org.openqa.selenium.remote.RemoteWebDriver.findElement(RemoteWebDriver.java:323)
	at org.openqa.selenium.remote.RemoteWebDriver.findElementByXPath(RemoteWebDriver.java:428)
	at org.openqa.selenium.By$ByXPath.findElement(By.java:353)
	at org.openqa.selenium.remote.RemoteWebDriver.findElement(RemoteWebDriver.java:315)
	at com.ae.qa.pages.TenantUsersPage.creatingTenantAdmin(TenantUsersPage.java:110)
	at com.ae.qa.testcases.TenantUsersPageTest.creatingTenantAdminTest(TenantUsersPageTest.java:22)
... Removed 32 stack frames
</div> <!-- stack-trace -->
                </div> <!-- method-content -->
              </div> <!-- method -->
            </div> <!-- main-panel-content rounded-window-bottom -->
          </div> <!-- suite-AutomationEdgeSuite-class-failed -->
          <div class="suite-AutomationEdgeSuite-class-failed">
            <div class="main-panel-header rounded-window-top">
              <img src="failed.png"/>
              <span class="class-name">com.ae.qa.testcases.TenantsPageTest</span>
            </div> <!-- main-panel-header rounded-window-top -->
            <div class="main-panel-content rounded-window-bottom">
              <div class="method">
                <div class="method-content">
                  <a name="validateAddNewTenant">
                  </a> <!-- validateAddNewTenant -->
                  <span class="method-name">validateAddNewTenant</span>
                  <div class="stack-trace">java.lang.AssertionError: Tenant not created successfully expected [Tenant created successfully] but found [Duplicate orgcode [AE444].]
	at com.ae.qa.pages.TenantsPage.addNewTenants(TenantsPage.java:104)
	at com.ae.qa.testcases.TenantsPageTest.validateAddNewTenant(TenantsPageTest.java:41)
... Removed 33 stack frames
</div> <!-- stack-trace -->
                </div> <!-- method-content -->
              </div> <!-- method -->
            </div> <!-- main-panel-content rounded-window-bottom -->
          </div> <!-- suite-AutomationEdgeSuite-class-failed -->
          <div class="suite-AutomationEdgeSuite-class-skipped">
            <div class="main-panel-header rounded-window-top">
              <img src="skipped.png"/>
              <span class="class-name">com.ae.qa.testcases.TenantsPageTest</span>
            </div> <!-- main-panel-header rounded-window-top -->
            <div class="main-panel-content rounded-window-bottom">
              <div class="method">
                <div class="method-content">
                  <a name="validateaddNewTenantsWithDuplicateOrgCode">
                  </a> <!-- validateaddNewTenantsWithDuplicateOrgCode -->
                  <span class="method-name">validateaddNewTenantsWithDuplicateOrgCode</span>
                  <div class="stack-trace">java.lang.AssertionError: Test Case Failed Snapshot is below com.aventstack.extentreports.ExtentTest@1cf2fed4
	at com.ae.qa.base.TestBase1.getResult(TestBase1.java:147)
... Removed 32 stack frames
</div> <!-- stack-trace -->
                </div> <!-- method-content -->
              </div> <!-- method -->
            </div> <!-- main-panel-content rounded-window-bottom -->
          </div> <!-- suite-AutomationEdgeSuite-class-skipped -->
          <div class="suite-AutomationEdgeSuite-class-passed">
            <div class="main-panel-header rounded-window-top">
              <img src="passed.png"/>
              <span class="class-name">com.ae.qa.testcases.SystemSettingsPageTest</span>
            </div> <!-- main-panel-header rounded-window-top -->
            <div class="main-panel-content rounded-window-bottom">
              <div class="method">
                <div class="method-content">
                  <a name="validateSystemSettingsTest">
                  </a> <!-- validateSystemSettingsTest -->
                  <span class="method-name">validateSystemSettingsTest</span>
                </div> <!-- method-content -->
              </div> <!-- method -->
            </div> <!-- main-panel-content rounded-window-bottom -->
          </div> <!-- suite-AutomationEdgeSuite-class-passed -->
          <div class="suite-AutomationEdgeSuite-class-passed">
            <div class="main-panel-header rounded-window-top">
              <img src="passed.png"/>
              <span class="class-name">com.ae.qa.testcases.SystemUsersPageTest</span>
            </div> <!-- main-panel-header rounded-window-top -->
            <div class="main-panel-content rounded-window-bottom">
              <div class="method">
                <div class="method-content">
                  <a name="creatingSystemAdminTest">
                  </a> <!-- creatingSystemAdminTest -->
                  <span class="method-name">creatingSystemAdminTest</span>
                </div> <!-- method-content -->
              </div> <!-- method -->
            </div> <!-- main-panel-content rounded-window-bottom -->
          </div> <!-- suite-AutomationEdgeSuite-class-passed -->
        </div> <!-- panel AutomationEdgeSuite -->
        <div panel-name="test-xml-AutomationEdgeSuite" class="panel">
          <div class="main-panel-header rounded-window-top">
            <span class="header-content">C:\Users\Kalyani\eclipse-workspace\AutomationEdgePortal\testng.xml</span>
          </div> <!-- main-panel-header rounded-window-top -->
          <div class="main-panel-content rounded-window-bottom">
            <pre>
&lt;?xml version=&quot;1.0&quot; encoding=&quot;UTF-8&quot;?&gt;
&lt;!DOCTYPE suite SYSTEM &quot;http://testng.org/testng-1.0.dtd&quot;&gt;
&lt;suite guice-stage=&quot;DEVELOPMENT&quot; verbose=&quot;0&quot; name=&quot;AutomationEdgeSuite&quot;&gt;
  &lt;test thread-count=&quot;1&quot; verbose=&quot;0&quot; name=&quot;Test&quot;&gt;
    &lt;classes&gt;
      &lt;class name=&quot;com.ae.qa.testcases.TenantsPageTest&quot;/&gt;
      &lt;class name=&quot;com.ae.qa.testcases.SystemSettingsPageTest&quot;/&gt;
      &lt;class name=&quot;com.ae.qa.testcases.TenantUsersPageTest&quot;/&gt;
      &lt;class name=&quot;com.ae.qa.testcases.SystemUsersPageTest&quot;/&gt;
    &lt;/classes&gt;
  &lt;/test&gt; &lt;!-- Test --&gt;
&lt;/suite&gt; &lt;!-- AutomationEdgeSuite --&gt;
            </pre>
          </div> <!-- main-panel-content rounded-window-bottom -->
        </div> <!-- panel -->
        <div panel-name="testlist-AutomationEdgeSuite" class="panel">
          <div class="main-panel-header rounded-window-top">
            <span class="header-content">Tests for AutomationEdgeSuite</span>
          </div> <!-- main-panel-header rounded-window-top -->
          <div class="main-panel-content rounded-window-bottom">
            <ul>
              <li>
                <span class="test-name">Test (4 classes)</span>
              </li>
            </ul>
          </div> <!-- main-panel-content rounded-window-bottom -->
        </div> <!-- panel -->
        <div panel-name="group-AutomationEdgeSuite" class="panel">
          <div class="main-panel-header rounded-window-top">
            <span class="header-content">Groups for AutomationEdgeSuite</span>
          </div> <!-- main-panel-header rounded-window-top -->
          <div class="main-panel-content rounded-window-bottom">
            <div class="test-group">
              <span class="test-group-name">TenantAdminPrerequisite</span>
              <br/>
              <div class="method-in-group">
                <span class="method-in-group-name">creatingSystemAdminTest</span>
                <br/>
              </div> <!-- method-in-group -->
              <div class="method-in-group">
                <span class="method-in-group-name">creatingTenantAdminTest</span>
                <br/>
              </div> <!-- method-in-group -->
              <div class="method-in-group">
                <span class="method-in-group-name">validateSystemSettingsTest</span>
                <br/>
              </div> <!-- method-in-group -->
            </div> <!-- test-group -->
          </div> <!-- main-panel-content rounded-window-bottom -->
        </div> <!-- panel -->
        <div panel-name="times-AutomationEdgeSuite" class="panel">
          <div class="main-panel-header rounded-window-top">
            <span class="header-content">Times for AutomationEdgeSuite</span>
          </div> <!-- main-panel-header rounded-window-top -->
          <div class="main-panel-content rounded-window-bottom">
            <div class="times-div">
              <script type="text/javascript">
suiteTableInitFunctions.push('tableData_AutomationEdgeSuite');
function tableData_AutomationEdgeSuite() {
var data = new google.visualization.DataTable();
data.addColumn('number', 'Number');
data.addColumn('string', 'Method');
data.addColumn('string', 'Class');
data.addColumn('number', 'Time (ms)');
data.addRows(5);
data.setCell(0, 0, 0)
data.setCell(0, 1, 'creatingTenantAdminTest')
data.setCell(0, 2, 'com.ae.qa.testcases.TenantUsersPageTest')
data.setCell(0, 3, 109955);
data.setCell(1, 0, 1)
data.setCell(1, 1, 'creatingSystemAdminTest')
data.setCell(1, 2, 'com.ae.qa.testcases.SystemUsersPageTest')
data.setCell(1, 3, 37233);
data.setCell(2, 0, 2)
data.setCell(2, 1, 'validateAddNewTenant')
data.setCell(2, 2, 'com.ae.qa.testcases.TenantsPageTest')
data.setCell(2, 3, 30225);
data.setCell(3, 0, 3)
data.setCell(3, 1, 'validateSystemSettingsTest')
data.setCell(3, 2, 'com.ae.qa.testcases.SystemSettingsPageTest')
data.setCell(3, 3, 22929);
data.setCell(4, 0, 4)
data.setCell(4, 1, 'validateaddNewTenantsWithDuplicateOrgCode')
data.setCell(4, 2, 'com.ae.qa.testcases.TenantsPageTest')
data.setCell(4, 3, 0);
window.suiteTableData['AutomationEdgeSuite']= { tableData: data, tableDiv: 'times-div-AutomationEdgeSuite'}
return data;
}
              </script>
              <span class="suite-total-time">Total running time: 3 minutes</span>
              <div id="times-div-AutomationEdgeSuite">
              </div> <!-- times-div-AutomationEdgeSuite -->
            </div> <!-- times-div -->
          </div> <!-- main-panel-content rounded-window-bottom -->
        </div> <!-- panel -->
        <div panel-name="reporter-AutomationEdgeSuite" class="panel">
          <div class="main-panel-header rounded-window-top">
            <span class="header-content">Reporter output for AutomationEdgeSuite</span>
          </div> <!-- main-panel-header rounded-window-top -->
          <div class="main-panel-content rounded-window-bottom">
          </div> <!-- main-panel-content rounded-window-bottom -->
        </div> <!-- panel -->
        <div panel-name="ignored-methods-AutomationEdgeSuite" class="panel">
          <div class="main-panel-header rounded-window-top">
            <span class="header-content">6 ignored methods</span>
          </div> <!-- main-panel-header rounded-window-top -->
          <div class="main-panel-content rounded-window-bottom">
            <div class="ignored-class-div">
              <span class="ignored-class-name">com.ae.qa.testcases.SystemSettingsPageTest</span>
              <div class="ignored-methods-div">
                <span class="ignored-method-name">endReport</span>
                <br/>
                <span class="ignored-method-name">setExtent</span>
                <br/>
              </div> <!-- ignored-methods-div -->
            </div> <!-- ignored-class-div -->
            <div class="ignored-class-div">
              <span class="ignored-class-name">com.ae.qa.testcases.TenantUsersPageTest</span>
              <div class="ignored-methods-div">
                <span class="ignored-method-name">endReport</span>
                <br/>
                <span class="ignored-method-name">setExtent</span>
                <br/>
              </div> <!-- ignored-methods-div -->
            </div> <!-- ignored-class-div -->
            <div class="ignored-class-div">
              <span class="ignored-class-name">com.ae.qa.testcases.SystemUsersPageTest</span>
              <div class="ignored-methods-div">
                <span class="ignored-method-name">endReport</span>
                <br/>
                <span class="ignored-method-name">setExtent</span>
                <br/>
              </div> <!-- ignored-methods-div -->
            </div> <!-- ignored-class-div -->
          </div> <!-- main-panel-content rounded-window-bottom -->
        </div> <!-- panel -->
        <div panel-name="chronological-AutomationEdgeSuite" class="panel">
          <div class="main-panel-header rounded-window-top">
            <span class="header-content">Methods in chronological order</span>
          </div> <!-- main-panel-header rounded-window-top -->
          <div class="main-panel-content rounded-window-bottom">
            <div class="chronological-class">
              <div class="chronological-class-name">com.ae.qa.testcases.TenantsPageTest</div> <!-- chronological-class-name -->
              <div class="configuration-suite before">
                <span class="method-name">setExtent</span>
                <span class="method-start">0 ms</span>
              </div> <!-- configuration-suite before -->
              <div class="configuration-method before">
                <span class="method-name">initialization</span>
                <span class="method-start">272 ms</span>
              </div> <!-- configuration-method before -->
              <div class="test-method">
                <img src="failed.png">
                </img>
                <span class="method-name">validateAddNewTenant</span>
                <span class="method-start">21742 ms</span>
              </div> <!-- test-method -->
              <div class="configuration-method after">
                <img src="failed.png">
                </img>
                <span class="method-name">getResult([TestResult name=validateAddNewTenant status=FAILURE method=TenantsPageTest.validateAddNewTenant()[p...)</span>
                <span class="method-start">52014 ms</span>
              </div> <!-- configuration-method after -->
            </div> <!-- chronological-class -->
            <div class="chronological-class">
              <div class="chronological-class-name">com.ae.qa.testcases.SystemSettingsPageTest</div> <!-- chronological-class-name -->
              <div class="configuration-method before">
                <span class="method-name">initialization</span>
                <span class="method-start">54377 ms</span>
              </div> <!-- configuration-method before -->
              <div class="test-method">
                <span class="method-name">validateSystemSettingsTest</span>
                <span class="method-start">90872 ms</span>
              </div> <!-- test-method -->
              <div class="configuration-method after">
                <span class="method-name">getResult([TestResult name=validateSystemSettingsTest status=SUCCESS method=SystemSettingsPageTest.validateSys...)</span>
                <span class="method-start">113802 ms</span>
              </div> <!-- configuration-method after -->
            </div> <!-- chronological-class -->
            <div class="chronological-class">
              <div class="chronological-class-name">com.ae.qa.testcases.TenantUsersPageTest</div> <!-- chronological-class-name -->
              <div class="configuration-method before">
                <span class="method-name">initialization</span>
                <span class="method-start">115691 ms</span>
              </div> <!-- configuration-method before -->
              <div class="test-method">
                <img src="failed.png">
                </img>
                <span class="method-name">creatingTenantAdminTest</span>
                <span class="method-start">129406 ms</span>
              </div> <!-- test-method -->
              <div class="configuration-method after">
                <img src="failed.png">
                </img>
                <span class="method-name">getResult([TestResult name=creatingTenantAdminTest status=FAILURE method=TenantUsersPageTest.creatingTenantAdm...)</span>
                <span class="method-start">239683 ms</span>
              </div> <!-- configuration-method after -->
            </div> <!-- chronological-class -->
            <div class="chronological-class">
              <div class="chronological-class-name">com.ae.qa.testcases.SystemUsersPageTest</div> <!-- chronological-class-name -->
              <div class="configuration-method before">
                <span class="method-name">initialization</span>
                <span class="method-start">242153 ms</span>
              </div> <!-- configuration-method before -->
              <div class="test-method">
                <span class="method-name">creatingSystemAdminTest</span>
                <span class="method-start">280960 ms</span>
              </div> <!-- test-method -->
              <div class="configuration-method after">
                <span class="method-name">getResult([TestResult name=creatingSystemAdminTest status=SUCCESS method=SystemUsersPageTest.creatingSystemAdm...)</span>
                <span class="method-start">318193 ms</span>
              </div> <!-- configuration-method after -->
            </div> <!-- chronological-class -->
            <div class="chronological-class">
              <div class="chronological-class-name">com.ae.qa.testcases.TenantsPageTest</div> <!-- chronological-class-name -->
              <div class="configuration-test after">
                <span class="method-name">endReport</span>
                <span class="method-start">328011 ms</span>
              </div> <!-- configuration-test after -->
              <div class="test-method">
                <span class="method-name">validateaddNewTenantsWithDuplicateOrgCode</span>
                <span class="method-start">-1588160061573 ms</span>
              </div> <!-- test-method -->
          </div> <!-- main-panel-content rounded-window-bottom -->
        </div> <!-- panel -->
      </div> <!-- main-panel-root -->
    </div> <!-- wrapper -->
  </body>
</html>
