<?xml version="1.0" encoding="UTF-8"?>
<testng-results skipped="1" failed="2" ignored="6" total="11" passed="2">
  <reporter-output>
  </reporter-output>
  <suite name="AutomationEdgeSuite" duration-ms="331939" started-at="2020-04-29T11:34:21Z" finished-at="2020-04-29T11:39:53Z">
    <groups>
      <group name="TenantAdminPrerequisite">
        <method signature="SystemSettingsPageTest.validateSystemSettingsTest()[pri:1, instance:com.ae.qa.testcases.SystemSettingsPageTest@5fbdfdcf]" name="validateSystemSettingsTest" class="com.ae.qa.testcases.SystemSettingsPageTest"/>
        <method signature="SystemUsersPageTest.creatingSystemAdminTest()[pri:1, instance:com.ae.qa.testcases.SystemUsersPageTest@bd4dc25]" name="creatingSystemAdminTest" class="com.ae.qa.testcases.SystemUsersPageTest"/>
        <method signature="TenantUsersPageTest.creatingTenantAdminTest()[pri:1, instance:com.ae.qa.testcases.TenantUsersPageTest@4efc180e]" name="creatingTenantAdminTest" class="com.ae.qa.testcases.TenantUsersPageTest"/>
      </group> <!-- TenantAdminPrerequisite -->
    </groups>
    <test name="Test" duration-ms="331939" started-at="2020-04-29T11:34:21Z" finished-at="2020-04-29T11:39:53Z">
      <class name="com.ae.qa.testcases.SystemUsersPageTest">
        <test-method status="PASS" signature="initialization()[pri:0, instance:com.ae.qa.testcases.SystemUsersPageTest@bd4dc25]" name="initialization" is-config="true" duration-ms="38806" started-at="2020-04-29T11:38:23Z" finished-at="2020-04-29T11:39:02Z">
          <reporter-output>
          </reporter-output>
        </test-method> <!-- initialization -->
        <test-method status="PASS" signature="creatingSystemAdminTest()[pri:1, instance:com.ae.qa.testcases.SystemUsersPageTest@bd4dc25]" name="creatingSystemAdminTest" duration-ms="37233" started-at="2020-04-29T11:39:02Z" finished-at="2020-04-29T11:39:39Z">
          <reporter-output>
          </reporter-output>
        </test-method> <!-- creatingSystemAdminTest -->
        <test-method status="PASS" signature="getResult(org.testng.ITestResult)[pri:0, instance:com.ae.qa.testcases.SystemUsersPageTest@bd4dc25]" name="getResult" is-config="true" duration-ms="9818" started-at="2020-04-29T11:39:39Z" finished-at="2020-04-29T11:39:49Z">
          <params>
            <param index="0">
              <value>
                <![CDATA[[TestResult name=creatingSystemAdminTest status=SUCCESS method=SystemUsersPageTest.creatingSystemAdminTest()[pri:1, instance:com.ae.qa.testcases.SystemUsersPageTest@bd4dc25] output={null}]]]>
              </value>
            </param>
          </params>
          <reporter-output>
          </reporter-output>
        </test-method> <!-- getResult -->
      </class> <!-- com.ae.qa.testcases.SystemUsersPageTest -->
      <class name="com.ae.qa.testcases.SystemSettingsPageTest">
        <test-method status="PASS" signature="initialization()[pri:0, instance:com.ae.qa.testcases.SystemSettingsPageTest@5fbdfdcf]" name="initialization" is-config="true" duration-ms="36495" started-at="2020-04-29T11:35:15Z" finished-at="2020-04-29T11:35:52Z">
          <reporter-output>
          </reporter-output>
        </test-method> <!-- initialization -->
        <test-method status="PASS" signature="validateSystemSettingsTest()[pri:1, instance:com.ae.qa.testcases.SystemSettingsPageTest@5fbdfdcf]" name="validateSystemSettingsTest" duration-ms="22929" started-at="2020-04-29T11:35:52Z" finished-at="2020-04-29T11:36:15Z">
          <reporter-output>
          </reporter-output>
        </test-method> <!-- validateSystemSettingsTest -->
        <test-method status="PASS" signature="getResult(org.testng.ITestResult)[pri:0, instance:com.ae.qa.testcases.SystemSettingsPageTest@5fbdfdcf]" name="getResult" is-config="true" duration-ms="1889" started-at="2020-04-29T11:36:15Z" finished-at="2020-04-29T11:36:17Z">
          <params>
            <param index="0">
              <value>
                <![CDATA[[TestResult name=validateSystemSettingsTest status=SUCCESS method=SystemSettingsPageTest.validateSystemSettingsTest()[pri:1, instance:com.ae.qa.testcases.SystemSettingsPageTest@5fbdfdcf] output={null}]]]>
              </value>
            </param>
          </params>
          <reporter-output>
          </reporter-output>
        </test-method> <!-- getResult -->
      </class> <!-- com.ae.qa.testcases.SystemSettingsPageTest -->
      <class name="com.ae.qa.testcases.TenantsPageTest">
        <test-method status="PASS" signature="setExtent()[pri:0, instance:com.ae.qa.testcases.TenantsPageTest@505fc5a4]" name="setExtent" is-config="true" duration-ms="244" started-at="2020-04-29T11:34:21Z" finished-at="2020-04-29T11:34:21Z">
          <reporter-output>
          </reporter-output>
        </test-method> <!-- setExtent -->
        <test-method status="PASS" signature="initialization()[pri:0, instance:com.ae.qa.testcases.TenantsPageTest@505fc5a4]" name="initialization" is-config="true" duration-ms="21470" started-at="2020-04-29T11:34:21Z" finished-at="2020-04-29T11:34:43Z">
          <reporter-output>
          </reporter-output>
        </test-method> <!-- initialization -->
        <test-method status="FAIL" signature="validateAddNewTenant()[pri:0, instance:com.ae.qa.testcases.TenantsPageTest@505fc5a4]" name="validateAddNewTenant" duration-ms="30225" started-at="2020-04-29T11:34:43Z" finished-at="2020-04-29T11:35:13Z">
          <exception class="java.lang.AssertionError">
            <message>
              <![CDATA[Tenant not created successfully expected [Tenant created successfully] but found [Duplicate orgcode [AE444].]]]>
            </message>
            <full-stacktrace>
              <![CDATA[java.lang.AssertionError: Tenant not created successfully expected [Tenant created successfully] but found [Duplicate orgcode [AE444].]
at org.testng.Assert.fail(Assert.java:96)
at org.testng.Assert.failNotEquals(Assert.java:776)
at org.testng.Assert.assertEqualsImpl(Assert.java:137)
at org.testng.Assert.assertEquals(Assert.java:118)
at org.testng.Assert.assertEquals(Assert.java:453)
at com.ae.qa.pages.TenantsPage.addNewTenants(TenantsPage.java:104)
at com.ae.qa.testcases.TenantsPageTest.validateAddNewTenant(TenantsPageTest.java:41)
at sun.reflect.NativeMethodAccessorImpl.invoke0(Native Method)
at sun.reflect.NativeMethodAccessorImpl.invoke(NativeMethodAccessorImpl.java:62)
at sun.reflect.DelegatingMethodAccessorImpl.invoke(DelegatingMethodAccessorImpl.java:43)
at java.lang.reflect.Method.invoke(Method.java:498)
at org.testng.internal.MethodInvocationHelper.invokeMethod(MethodInvocationHelper.java:124)
at org.testng.internal.Invoker.invokeMethod(Invoker.java:583)
at org.testng.internal.Invoker.invokeTestMethod(Invoker.java:719)
at org.testng.internal.Invoker.invokeTestMethods(Invoker.java:989)
at org.testng.internal.TestMethodWorker.invokeTestMethods(TestMethodWorker.java:125)
at org.testng.internal.TestMethodWorker.run(TestMethodWorker.java:109)
at org.testng.TestRunner.privateRun(TestRunner.java:648)
at org.testng.TestRunner.run(TestRunner.java:505)
at org.testng.SuiteRunner.runTest(SuiteRunner.java:455)
at org.testng.SuiteRunner.runSequentially(SuiteRunner.java:450)
at org.testng.SuiteRunner.privateRun(SuiteRunner.java:415)
at org.testng.SuiteRunner.run(SuiteRunner.java:364)
at org.testng.SuiteRunnerWorker.runSuite(SuiteRunnerWorker.java:52)
at org.testng.SuiteRunnerWorker.run(SuiteRunnerWorker.java:84)
at org.testng.TestNG.runSuitesSequentially(TestNG.java:1208)
at org.testng.TestNG.runSuitesLocally(TestNG.java:1137)
at org.testng.TestNG.runSuites(TestNG.java:1049)
at org.testng.TestNG.run(TestNG.java:1017)
at org.apache.maven.surefire.testng.TestNGExecutor.run(TestNGExecutor.java:295)
at org.apache.maven.surefire.testng.TestNGXmlTestSuite.execute(TestNGXmlTestSuite.java:84)
at org.apache.maven.surefire.testng.TestNGProvider.invoke(TestNGProvider.java:90)
at org.apache.maven.surefire.booter.ForkedBooter.invokeProviderInSameClassLoader(ForkedBooter.java:203)
at org.apache.maven.surefire.booter.ForkedBooter.runSuitesInProcess(ForkedBooter.java:155)
at org.apache.maven.surefire.booter.ForkedBooter.main(ForkedBooter.java:103)
]]>
            </full-stacktrace>
          </exception> <!-- java.lang.AssertionError -->
          <reporter-output>
          </reporter-output>
        </test-method> <!-- validateAddNewTenant -->
        <test-method status="FAIL" signature="getResult(org.testng.ITestResult)[pri:0, instance:com.ae.qa.testcases.TenantsPageTest@505fc5a4]" name="getResult" is-config="true" duration-ms="2329" started-at="2020-04-29T11:35:13Z" finished-at="2020-04-29T11:35:15Z">
          <params>
            <param index="0">
              <value>
                <![CDATA[[TestResult name=validateAddNewTenant status=FAILURE method=TenantsPageTest.validateAddNewTenant()[pri:0, instance:com.ae.qa.testcases.TenantsPageTest@505fc5a4] output={null}]]]>
              </value>
            </param>
          </params>
          <exception class="java.lang.AssertionError">
            <message>
              <![CDATA[Test Case Failed Snapshot is below com.aventstack.extentreports.ExtentTest@1cf2fed4]]>
            </message>
            <full-stacktrace>
              <![CDATA[java.lang.AssertionError: Test Case Failed Snapshot is below com.aventstack.extentreports.ExtentTest@1cf2fed4
at org.testng.Assert.fail(Assert.java:96)
at com.ae.qa.base.TestBase1.getResult(TestBase1.java:147)
at sun.reflect.NativeMethodAccessorImpl.invoke0(Native Method)
at sun.reflect.NativeMethodAccessorImpl.invoke(NativeMethodAccessorImpl.java:62)
at sun.reflect.DelegatingMethodAccessorImpl.invoke(DelegatingMethodAccessorImpl.java:43)
at java.lang.reflect.Method.invoke(Method.java:498)
at org.testng.internal.MethodInvocationHelper.invokeMethod(MethodInvocationHelper.java:124)
at org.testng.internal.MethodInvocationHelper.invokeMethodConsideringTimeout(MethodInvocationHelper.java:59)
at org.testng.internal.Invoker.invokeConfigurationMethod(Invoker.java:458)
at org.testng.internal.Invoker.invokeConfigurations(Invoker.java:222)
at org.testng.internal.Invoker.invokeMethod(Invoker.java:646)
at org.testng.internal.Invoker.invokeTestMethod(Invoker.java:719)
at org.testng.internal.Invoker.invokeTestMethods(Invoker.java:989)
at org.testng.internal.TestMethodWorker.invokeTestMethods(TestMethodWorker.java:125)
at org.testng.internal.TestMethodWorker.run(TestMethodWorker.java:109)
at org.testng.TestRunner.privateRun(TestRunner.java:648)
at org.testng.TestRunner.run(TestRunner.java:505)
at org.testng.SuiteRunner.runTest(SuiteRunner.java:455)
at org.testng.SuiteRunner.runSequentially(SuiteRunner.java:450)
at org.testng.SuiteRunner.privateRun(SuiteRunner.java:415)
at org.testng.SuiteRunner.run(SuiteRunner.java:364)
at org.testng.SuiteRunnerWorker.runSuite(SuiteRunnerWorker.java:52)
at org.testng.SuiteRunnerWorker.run(SuiteRunnerWorker.java:84)
at org.testng.TestNG.runSuitesSequentially(TestNG.java:1208)
at org.testng.TestNG.runSuitesLocally(TestNG.java:1137)
at org.testng.TestNG.runSuites(TestNG.java:1049)
at org.testng.TestNG.run(TestNG.java:1017)
at org.apache.maven.surefire.testng.TestNGExecutor.run(TestNGExecutor.java:295)
at org.apache.maven.surefire.testng.TestNGXmlTestSuite.execute(TestNGXmlTestSuite.java:84)
at org.apache.maven.surefire.testng.TestNGProvider.invoke(TestNGProvider.java:90)
at org.apache.maven.surefire.booter.ForkedBooter.invokeProviderInSameClassLoader(ForkedBooter.java:203)
at org.apache.maven.surefire.booter.ForkedBooter.runSuitesInProcess(ForkedBooter.java:155)
at org.apache.maven.surefire.booter.ForkedBooter.main(ForkedBooter.java:103)
]]>
            </full-stacktrace>
          </exception> <!-- java.lang.AssertionError -->
          <reporter-output>
          </reporter-output>
        </test-method> <!-- getResult -->
        <test-method status="SKIP" signature="validateaddNewTenantsWithDuplicateOrgCode()[pri:0, instance:com.ae.qa.testcases.TenantsPageTest@505fc5a4]" name="validateaddNewTenantsWithDuplicateOrgCode" duration-ms="0" started-at="2020-04-29T11:35:15Z" finished-at="2020-04-29T11:35:15Z">
          <exception class="java.lang.AssertionError">
            <message>
              <![CDATA[Test Case Failed Snapshot is below com.aventstack.extentreports.ExtentTest@1cf2fed4]]>
            </message>
            <full-stacktrace>
              <![CDATA[java.lang.AssertionError: Test Case Failed Snapshot is below com.aventstack.extentreports.ExtentTest@1cf2fed4
at org.testng.Assert.fail(Assert.java:96)
at com.ae.qa.base.TestBase1.getResult(TestBase1.java:147)
at sun.reflect.NativeMethodAccessorImpl.invoke0(Native Method)
at sun.reflect.NativeMethodAccessorImpl.invoke(NativeMethodAccessorImpl.java:62)
at sun.reflect.DelegatingMethodAccessorImpl.invoke(DelegatingMethodAccessorImpl.java:43)
at java.lang.reflect.Method.invoke(Method.java:498)
at org.testng.internal.MethodInvocationHelper.invokeMethod(MethodInvocationHelper.java:124)
at org.testng.internal.MethodInvocationHelper.invokeMethodConsideringTimeout(MethodInvocationHelper.java:59)
at org.testng.internal.Invoker.invokeConfigurationMethod(Invoker.java:458)
at org.testng.internal.Invoker.invokeConfigurations(Invoker.java:222)
at org.testng.internal.Invoker.invokeMethod(Invoker.java:646)
at org.testng.internal.Invoker.invokeTestMethod(Invoker.java:719)
at org.testng.internal.Invoker.invokeTestMethods(Invoker.java:989)
at org.testng.internal.TestMethodWorker.invokeTestMethods(TestMethodWorker.java:125)
at org.testng.internal.TestMethodWorker.run(TestMethodWorker.java:109)
at org.testng.TestRunner.privateRun(TestRunner.java:648)
at org.testng.TestRunner.run(TestRunner.java:505)
at org.testng.SuiteRunner.runTest(SuiteRunner.java:455)
at org.testng.SuiteRunner.runSequentially(SuiteRunner.java:450)
at org.testng.SuiteRunner.privateRun(SuiteRunner.java:415)
at org.testng.SuiteRunner.run(SuiteRunner.java:364)
at org.testng.SuiteRunnerWorker.runSuite(SuiteRunnerWorker.java:52)
at org.testng.SuiteRunnerWorker.run(SuiteRunnerWorker.java:84)
at org.testng.TestNG.runSuitesSequentially(TestNG.java:1208)
at org.testng.TestNG.runSuitesLocally(TestNG.java:1137)
at org.testng.TestNG.runSuites(TestNG.java:1049)
at org.testng.TestNG.run(TestNG.java:1017)
at org.apache.maven.surefire.testng.TestNGExecutor.run(TestNGExecutor.java:295)
at org.apache.maven.surefire.testng.TestNGXmlTestSuite.execute(TestNGXmlTestSuite.java:84)
at org.apache.maven.surefire.testng.TestNGProvider.invoke(TestNGProvider.java:90)
at org.apache.maven.surefire.booter.ForkedBooter.invokeProviderInSameClassLoader(ForkedBooter.java:203)
at org.apache.maven.surefire.booter.ForkedBooter.runSuitesInProcess(ForkedBooter.java:155)
at org.apache.maven.surefire.booter.ForkedBooter.main(ForkedBooter.java:103)
]]>
            </full-stacktrace>
          </exception> <!-- java.lang.AssertionError -->
          <reporter-output>
          </reporter-output>
        </test-method> <!-- validateaddNewTenantsWithDuplicateOrgCode -->
        <test-method status="SKIP" signature="getResult(org.testng.ITestResult)[pri:0, instance:com.ae.qa.testcases.TenantsPageTest@505fc5a4]" name="getResult" is-config="true" duration-ms="0" started-at="2020-04-29T11:35:15Z" finished-at="2020-04-29T11:35:15Z">
          <reporter-output>
          </reporter-output>
        </test-method> <!-- getResult -->
        <test-method status="SKIP" signature="initialization()[pri:0, instance:com.ae.qa.testcases.TenantsPageTest@505fc5a4]" name="initialization" is-config="true" duration-ms="0" started-at="2020-04-29T11:35:15Z" finished-at="2020-04-29T11:35:15Z">
          <reporter-output>
          </reporter-output>
        </test-method> <!-- initialization -->
        <test-method status="PASS" signature="endReport()[pri:0, instance:com.ae.qa.testcases.TenantsPageTest@505fc5a4]" name="endReport" is-config="true" duration-ms="4172" started-at="2020-04-29T11:39:49Z" finished-at="2020-04-29T11:39:53Z">
          <reporter-output>
          </reporter-output>
        </test-method> <!-- endReport -->
      </class> <!-- com.ae.qa.testcases.TenantsPageTest -->
      <class name="com.ae.qa.testcases.TenantUsersPageTest">
        <test-method status="PASS" signature="initialization()[pri:0, instance:com.ae.qa.testcases.TenantUsersPageTest@4efc180e]" name="initialization" is-config="true" duration-ms="13715" started-at="2020-04-29T11:36:17Z" finished-at="2020-04-29T11:36:30Z">
          <reporter-output>
          </reporter-output>
        </test-method> <!-- initialization -->
        <test-method status="FAIL" signature="creatingTenantAdminTest()[pri:1, instance:com.ae.qa.testcases.TenantUsersPageTest@4efc180e]" name="creatingTenantAdminTest" duration-ms="109955" started-at="2020-04-29T11:36:30Z" finished-at="2020-04-29T11:38:20Z">
          <exception class="org.openqa.selenium.NoSuchElementException">
            <message>
              <![CDATA[no such element: Unable to locate element: {"method":"xpath","selector":"//select[@id='role']/option[text()='User Admin']"}
  (Session info: chrome=81.0.4044.129)
For documentation on this error, please visit: https://www.seleniumhq.org/exceptions/no_such_element.html
Build info: version: '3.141.59', revision: 'e82be7d358', time: '2018-11-14T08:17:03'
System info: host: 'DESKTOP-96U8LI5', ip: '192.168.56.1', os.name: 'Windows 10', os.arch: 'amd64', os.version: '10.0', java.version: '1.8.0_231'
Driver info: org.openqa.selenium.chrome.ChromeDriver
Capabilities {acceptInsecureCerts: false, browserName: chrome, browserVersion: 81.0.4044.129, chrome: {chromedriverVersion: 81.0.4044.69 (6813546031a4b..., userDataDir: C:\Users\Kalyani\AppData\Lo...}, goog:chromeOptions: {debuggerAddress: localhost:60140}, javascriptEnabled: true, networkConnectionEnabled: false, pageLoadStrategy: normal, platform: WINDOWS, platformName: WINDOWS, proxy: Proxy(), setWindowRect: true, strictFileInteractability: false, timeouts: {implicit: 0, pageLoad: 300000, script: 30000}, unhandledPromptBehavior: dismiss and notify, webauthn:virtualAuthenticators: true}
Session ID: 1397cfc180281ba7ff28b548e48ebbe0
*** Element info: {Using=xpath, value=//select[@id='role']/option[text()='User Admin']}]]>
            </message>
            <full-stacktrace>
              <![CDATA[org.openqa.selenium.NoSuchElementException: no such element: Unable to locate element: {"method":"xpath","selector":"//select[@id='role']/option[text()='User Admin']"}
  (Session info: chrome=81.0.4044.129)
For documentation on this error, please visit: https://www.seleniumhq.org/exceptions/no_such_element.html
Build info: version: '3.141.59', revision: 'e82be7d358', time: '2018-11-14T08:17:03'
System info: host: 'DESKTOP-96U8LI5', ip: '192.168.56.1', os.name: 'Windows 10', os.arch: 'amd64', os.version: '10.0', java.version: '1.8.0_231'
Driver info: org.openqa.selenium.chrome.ChromeDriver
Capabilities {acceptInsecureCerts: false, browserName: chrome, browserVersion: 81.0.4044.129, chrome: {chromedriverVersion: 81.0.4044.69 (6813546031a4b..., userDataDir: C:\Users\Kalyani\AppData\Lo...}, goog:chromeOptions: {debuggerAddress: localhost:60140}, javascriptEnabled: true, networkConnectionEnabled: false, pageLoadStrategy: normal, platform: WINDOWS, platformName: WINDOWS, proxy: Proxy(), setWindowRect: true, strictFileInteractability: false, timeouts: {implicit: 0, pageLoad: 300000, script: 30000}, unhandledPromptBehavior: dismiss and notify, webauthn:virtualAuthenticators: true}
Session ID: 1397cfc180281ba7ff28b548e48ebbe0
*** Element info: {Using=xpath, value=//select[@id='role']/option[text()='User Admin']}
at sun.reflect.NativeConstructorAccessorImpl.newInstance0(Native Method)
at sun.reflect.NativeConstructorAccessorImpl.newInstance(NativeConstructorAccessorImpl.java:62)
at sun.reflect.DelegatingConstructorAccessorImpl.newInstance(DelegatingConstructorAccessorImpl.java:45)
at java.lang.reflect.Constructor.newInstance(Constructor.java:423)
at org.openqa.selenium.remote.http.W3CHttpResponseCodec.createException(W3CHttpResponseCodec.java:187)
at org.openqa.selenium.remote.http.W3CHttpResponseCodec.decode(W3CHttpResponseCodec.java:122)
at org.openqa.selenium.remote.http.W3CHttpResponseCodec.decode(W3CHttpResponseCodec.java:49)
at org.openqa.selenium.remote.HttpCommandExecutor.execute(HttpCommandExecutor.java:158)
at org.openqa.selenium.remote.service.DriverCommandExecutor.execute(DriverCommandExecutor.java:83)
at org.openqa.selenium.remote.RemoteWebDriver.execute(RemoteWebDriver.java:552)
at org.openqa.selenium.remote.RemoteWebDriver.findElement(RemoteWebDriver.java:323)
at org.openqa.selenium.remote.RemoteWebDriver.findElementByXPath(RemoteWebDriver.java:428)
at org.openqa.selenium.By$ByXPath.findElement(By.java:353)
at org.openqa.selenium.remote.RemoteWebDriver.findElement(RemoteWebDriver.java:315)
at com.ae.qa.pages.TenantUsersPage.creatingTenantAdmin(TenantUsersPage.java:110)
at com.ae.qa.testcases.TenantUsersPageTest.creatingTenantAdminTest(TenantUsersPageTest.java:22)
at sun.reflect.NativeMethodAccessorImpl.invoke0(Native Method)
at sun.reflect.NativeMethodAccessorImpl.invoke(NativeMethodAccessorImpl.java:62)
at sun.reflect.DelegatingMethodAccessorImpl.invoke(DelegatingMethodAccessorImpl.java:43)
at java.lang.reflect.Method.invoke(Method.java:498)
at org.testng.internal.MethodInvocationHelper.invokeMethod(MethodInvocationHelper.java:124)
at org.testng.internal.Invoker.invokeMethod(Invoker.java:583)
at org.testng.internal.Invoker.invokeTestMethod(Invoker.java:719)
at org.testng.internal.Invoker.invokeTestMethods(Invoker.java:989)
at org.testng.internal.TestMethodWorker.invokeTestMethods(TestMethodWorker.java:125)
at org.testng.internal.TestMethodWorker.run(TestMethodWorker.java:109)
at org.testng.TestRunner.privateRun(TestRunner.java:648)
at org.testng.TestRunner.run(TestRunner.java:505)
at org.testng.SuiteRunner.runTest(SuiteRunner.java:455)
at org.testng.SuiteRunner.runSequentially(SuiteRunner.java:450)
at org.testng.SuiteRunner.privateRun(SuiteRunner.java:415)
at org.testng.SuiteRunner.run(SuiteRunner.java:364)
at org.testng.SuiteRunnerWorker.runSuite(SuiteRunnerWorker.java:52)
at org.testng.SuiteRunnerWorker.run(SuiteRunnerWorker.java:84)
at org.testng.TestNG.runSuitesSequentially(TestNG.java:1208)
at org.testng.TestNG.runSuitesLocally(TestNG.java:1137)
at org.testng.TestNG.runSuites(TestNG.java:1049)
at org.testng.TestNG.run(TestNG.java:1017)
at org.apache.maven.surefire.testng.TestNGExecutor.run(TestNGExecutor.java:295)
at org.apache.maven.surefire.testng.TestNGXmlTestSuite.execute(TestNGXmlTestSuite.java:84)
at org.apache.maven.surefire.testng.TestNGProvider.invoke(TestNGProvider.java:90)
at org.apache.maven.surefire.booter.ForkedBooter.invokeProviderInSameClassLoader(ForkedBooter.java:203)
at org.apache.maven.surefire.booter.ForkedBooter.runSuitesInProcess(ForkedBooter.java:155)
at org.apache.maven.surefire.booter.ForkedBooter.main(ForkedBooter.java:103)
]]>
            </full-stacktrace>
          </exception> <!-- org.openqa.selenium.NoSuchElementException -->
          <reporter-output>
          </reporter-output>
        </test-method> <!-- creatingTenantAdminTest -->
        <test-method status="FAIL" signature="getResult(org.testng.ITestResult)[pri:0, instance:com.ae.qa.testcases.TenantUsersPageTest@4efc180e]" name="getResult" is-config="true" duration-ms="2467" started-at="2020-04-29T11:38:21Z" finished-at="2020-04-29T11:38:23Z">
          <params>
            <param index="0">
              <value>
                <![CDATA[[TestResult name=creatingTenantAdminTest status=FAILURE method=TenantUsersPageTest.creatingTenantAdminTest()[pri:1, instance:com.ae.qa.testcases.TenantUsersPageTest@4efc180e] output={null}]]]>
              </value>
            </param>
          </params>
          <exception class="java.lang.AssertionError">
            <message>
              <![CDATA[Test Case Failed Snapshot is below com.aventstack.extentreports.ExtentTest@1704f67f]]>
            </message>
            <full-stacktrace>
              <![CDATA[java.lang.AssertionError: Test Case Failed Snapshot is below com.aventstack.extentreports.ExtentTest@1704f67f
at org.testng.Assert.fail(Assert.java:96)
at com.ae.qa.base.TestBase1.getResult(TestBase1.java:147)
at sun.reflect.NativeMethodAccessorImpl.invoke0(Native Method)
at sun.reflect.NativeMethodAccessorImpl.invoke(NativeMethodAccessorImpl.java:62)
at sun.reflect.DelegatingMethodAccessorImpl.invoke(DelegatingMethodAccessorImpl.java:43)
at java.lang.reflect.Method.invoke(Method.java:498)
at org.testng.internal.MethodInvocationHelper.invokeMethod(MethodInvocationHelper.java:124)
at org.testng.internal.MethodInvocationHelper.invokeMethodConsideringTimeout(MethodInvocationHelper.java:59)
at org.testng.internal.Invoker.invokeConfigurationMethod(Invoker.java:458)
at org.testng.internal.Invoker.invokeConfigurations(Invoker.java:222)
at org.testng.internal.Invoker.invokeMethod(Invoker.java:646)
at org.testng.internal.Invoker.invokeTestMethod(Invoker.java:719)
at org.testng.internal.Invoker.invokeTestMethods(Invoker.java:989)
at org.testng.internal.TestMethodWorker.invokeTestMethods(TestMethodWorker.java:125)
at org.testng.internal.TestMethodWorker.run(TestMethodWorker.java:109)
at org.testng.TestRunner.privateRun(TestRunner.java:648)
at org.testng.TestRunner.run(TestRunner.java:505)
at org.testng.SuiteRunner.runTest(SuiteRunner.java:455)
at org.testng.SuiteRunner.runSequentially(SuiteRunner.java:450)
at org.testng.SuiteRunner.privateRun(SuiteRunner.java:415)
at org.testng.SuiteRunner.run(SuiteRunner.java:364)
at org.testng.SuiteRunnerWorker.runSuite(SuiteRunnerWorker.java:52)
at org.testng.SuiteRunnerWorker.run(SuiteRunnerWorker.java:84)
at org.testng.TestNG.runSuitesSequentially(TestNG.java:1208)
at org.testng.TestNG.runSuitesLocally(TestNG.java:1137)
at org.testng.TestNG.runSuites(TestNG.java:1049)
at org.testng.TestNG.run(TestNG.java:1017)
at org.apache.maven.surefire.testng.TestNGExecutor.run(TestNGExecutor.java:295)
at org.apache.maven.surefire.testng.TestNGXmlTestSuite.execute(TestNGXmlTestSuite.java:84)
at org.apache.maven.surefire.testng.TestNGProvider.invoke(TestNGProvider.java:90)
at org.apache.maven.surefire.booter.ForkedBooter.invokeProviderInSameClassLoader(ForkedBooter.java:203)
at org.apache.maven.surefire.booter.ForkedBooter.runSuitesInProcess(ForkedBooter.java:155)
at org.apache.maven.surefire.booter.ForkedBooter.main(ForkedBooter.java:103)
]]>
            </full-stacktrace>
          </exception> <!-- java.lang.AssertionError -->
          <reporter-output>
          </reporter-output>
        </test-method> <!-- getResult -->
      </class> <!-- com.ae.qa.testcases.TenantUsersPageTest -->
    </test> <!-- Test -->
  </suite> <!-- AutomationEdgeSuite -->
</testng-results>
